<?xml version="1.0" encoding="UTF-8" ?>
<testsuite tests="1" failures="0" name="br.com.etec.google.GoogleTest" time="0.008" errors="1" skipped="0">
  <properties>
    <property name="java.runtime.name" value="Java(TM) SE Runtime Environment"/>
    <property name="sun.boot.library.path" value="D:\laragon\bin\java\jdk-8u131\jre\bin"/>
    <property name="java.vm.version" value="25.131-b11"/>
    <property name="java.vm.vendor" value="Oracle Corporation"/>
    <property name="maven.multiModuleProjectDirectory" value="D:\Etec\Rubens Exercicio\google-master"/>
    <property name="java.vendor.url" value="http://java.oracle.com/"/>
    <property name="path.separator" value=";"/>
    <property name="guice.disable.misplaced.annotation.check" value="true"/>
    <property name="java.vm.name" value="Java HotSpot(TM) 64-Bit Server VM"/>
    <property name="file.encoding.pkg" value="sun.io"/>
    <property name="user.script" value=""/>
    <property name="user.country" value="BR"/>
    <property name="sun.java.launcher" value="SUN_STANDARD"/>
    <property name="sun.os.patch.level" value=""/>
    <property name="java.vm.specification.name" value="Java Virtual Machine Specification"/>
    <property name="user.dir" value="D:\Etec\Rubens Exercicio\google-master"/>
    <property name="java.runtime.version" value="1.8.0_131-b11"/>
    <property name="java.awt.graphicsenv" value="sun.awt.Win32GraphicsEnvironment"/>
    <property name="java.endorsed.dirs" value="D:\laragon\bin\java\jdk-8u131\jre\lib\endorsed"/>
    <property name="os.arch" value="amd64"/>
    <property name="java.io.tmpdir" value="C:\Users\USUARI~1\AppData\Local\Temp\"/>
    <property name="line.separator" value="
"/>
    <property name="java.vm.specification.vendor" value="Oracle Corporation"/>
    <property name="user.variant" value=""/>
    <property name="os.name" value="Windows 10"/>
    <property name="classworlds.conf" value="D:\.metadata\.plugins\org.eclipse.m2e.launching\launches\m2conf2222160491958966468.tmp"/>
    <property name="sun.jnu.encoding" value="Cp1252"/>
    <property name="java.library.path" value="D:\laragon\bin\java\jdk-8u131\bin;C:\WINDOWS\Sun\Java\bin;C:\WINDOWS\system32;C:\WINDOWS;D:/laragon/bin/java/jdk-8u131//bin/../jre/bin/server;D:/laragon/bin/java/jdk-8u131//bin/../jre/bin;D:/laragon/bin/java/jdk-8u131//bin/../jre/lib/amd64;C:\Users\Usuario 1\AppData\Local\Yarn\config\global\node_modules\.bin;C:\Users\Usuario 1\AppData\Roaming\npm;C:\Users\Usuario 1\AppData\Roaming\Composer\vendor\bin;D:\laragon\bin\java\jdk-8u131\\bin;D:\laragon\bin\laragon\utils;D:\laragon\bin\mysql\mysql-5.7.24-winx64\bin;D:\laragon\bin\php\php-7.2.19-Win32-VC15-x64;D:\laragon\bin\composer;D:\laragon\bin\apache\httpd-2.4.35-win64-VC15\bin;D:\laragon\bin\redis\redis-x64-3.2.100;D:\laragon\bin\nodejs\node-v12;D:\laragon\bin\nginx\nginx-1.16.0;D:\laragon\bin\notepad++;D:\laragon\bin\telnet;D:\laragon\bin\ngrok;D:\laragon\bin\git\bin;D:\laragon\bin\git\cmd;D:\laragon\bin\git\usr\bin;D:\laragon\bin\git\mingw64\bin;D:\laragon\bin;D:\laragon\usr\bin;D:\laragon\bin\putty;D:\laragon\bin\cmder\bin;C:\Program Files (x86)\Common Files\Oracle\Java\javapath;C:\Program Files (x86)\NVIDIA Corporation\PhysX\Common;C:\Program Files (x86)\Intel\iCLS Client\;C:\Program Files\Intel\iCLS Client\;C:\WINDOWS\system32;C:\WINDOWS;C:\WINDOWS\System32\Wbem;C:\WINDOWS\System32\WindowsPowerShell\v1.0\;C:\Program Files (x86)\Intel\Intel(R) Management Engine Components\DAL;C:\Program Files\Intel\Intel(R) Management Engine Components\DAL;C:\Program Files (x86)\Intel\Intel(R) Management Engine Components\IPT;C:\Program Files\Intel\Intel(R) Management Engine Components\IPT;C:\WINDOWS\System32\OpenSSH\;C:\Program Files\dotnet\;C:\Program Files\nodejs\;C:\Users\Usuario 1\AppData\Local\Microsoft\WindowsApps;C:\Users\Usuario 1\AppData\Roaming\npm;;D:\laragon\bin\cmder\;;D:\laragon;;."/>
    <property name="java.specification.name" value="Java Platform API Specification"/>
    <property name="java.class.version" value="52.0"/>
    <property name="sun.management.compiler" value="HotSpot 64-Bit Tiered Compilers"/>
    <property name="os.version" value="10.0"/>
    <property name="user.home" value="C:\Users\Usuario 1"/>
    <property name="user.timezone" value="America/Sao_Paulo"/>
    <property name="java.awt.printerjob" value="sun.awt.windows.WPrinterJob"/>
    <property name="java.specification.version" value="1.8"/>
    <property name="file.encoding" value="Cp1252"/>
    <property name="user.name" value="Usuario 1"/>
    <property name="java.class.path" value="D:\laragon\bin\eclipse\plugins\org.eclipse.m2e.maven.runtime_1.9.1.20180912-1600\jars\plexus-classworlds-2.5.2.jar"/>
    <property name="java.vm.specification.version" value="1.8"/>
    <property name="sun.arch.data.model" value="64"/>
    <property name="java.home" value="D:\laragon\bin\java\jdk-8u131\jre"/>
    <property name="sun.java.command" value="org.codehaus.plexus.classworlds.launcher.Launcher -Pyeet -B install"/>
    <property name="java.specification.vendor" value="Oracle Corporation"/>
    <property name="user.language" value="pt"/>
    <property name="awt.toolkit" value="sun.awt.windows.WToolkit"/>
    <property name="java.vm.info" value="mixed mode"/>
    <property name="java.version" value="1.8.0_131"/>
    <property name="java.ext.dirs" value="D:\laragon\bin\java\jdk-8u131\jre\lib\ext;C:\WINDOWS\Sun\Java\lib\ext"/>
    <property name="sun.boot.class.path" value="D:\laragon\bin\java\jdk-8u131\jre\lib\resources.jar;D:\laragon\bin\java\jdk-8u131\jre\lib\rt.jar;D:\laragon\bin\java\jdk-8u131\jre\lib\sunrsasign.jar;D:\laragon\bin\java\jdk-8u131\jre\lib\jsse.jar;D:\laragon\bin\java\jdk-8u131\jre\lib\jce.jar;D:\laragon\bin\java\jdk-8u131\jre\lib\charsets.jar;D:\laragon\bin\java\jdk-8u131\jre\lib\jfr.jar;D:\laragon\bin\java\jdk-8u131\jre\classes"/>
    <property name="java.vendor" value="Oracle Corporation"/>
    <property name="maven.home" value="D:\Etec\Rubens Exercicio\google-master\EMBEDDED"/>
    <property name="file.separator" value="\"/>
    <property name="java.vendor.url.bug" value="http://bugreport.sun.com/bugreport/"/>
    <property name="sun.cpu.endian" value="little"/>
    <property name="sun.io.unicode.encoding" value="UnicodeLittle"/>
    <property name="sun.desktop" value="windows"/>
    <property name="sun.cpu.isalist" value="amd64"/>
  </properties>
  <testcase classname="br.com.etec.google.GoogleTest" name="validarPesquisa" time="0.008">
    <error message="Unresolved compilation problems: 
	ChromeDriver cannot be resolved to a type
	ChromeDriver cannot be resolved to a type
	By cannot be resolved
	By cannot be resolved
	By cannot be resolved
	By cannot be resolved
	By cannot be resolved
	By cannot be resolved
	By cannot be resolved
	By cannot be resolved
	By cannot be resolved
	By cannot be resolved
	By cannot be resolved
	By cannot be resolved
	By cannot be resolved
	By cannot be resolved
	By cannot be resolved
	By cannot be resolved
	By cannot be resolved
	By cannot be resolved
	By cannot be resolved
	By cannot be resolved
	By cannot be resolved
	By cannot be resolved
	By cannot be resolved
" type="java.lang.Error">java.lang.Error: Unresolved compilation problems: 
	ChromeDriver cannot be resolved to a type
	ChromeDriver cannot be resolved to a type
	By cannot be resolved
	By cannot be resolved
	By cannot be resolved
	By cannot be resolved
	By cannot be resolved
	By cannot be resolved
	By cannot be resolved
	By cannot be resolved
	By cannot be resolved
	By cannot be resolved
	By cannot be resolved
	By cannot be resolved
	By cannot be resolved
	By cannot be resolved
	By cannot be resolved
	By cannot be resolved
	By cannot be resolved
	By cannot be resolved
	By cannot be resolved
	By cannot be resolved
	By cannot be resolved
	By cannot be resolved
	By cannot be resolved

	at br.com.etec.google.GoogleTest.validarPesquisa(GoogleTest.java:34)
	at sun.reflect.NativeMethodAccessorImpl.invoke0(Native Method)
	at sun.reflect.NativeMethodAccessorImpl.invoke(NativeMethodAccessorImpl.java:62)
	at sun.reflect.DelegatingMethodAccessorImpl.invoke(DelegatingMethodAccessorImpl.java:43)
	at java.lang.reflect.Method.invoke(Method.java:498)
	at org.junit.runners.model.FrameworkMethod$1.runReflectiveCall(FrameworkMethod.java:50)
	at org.junit.internal.runners.model.ReflectiveCallable.run(ReflectiveCallable.java:12)
	at org.junit.runners.model.FrameworkMethod.invokeExplosively(FrameworkMethod.java:47)
	at org.junit.internal.runners.statements.InvokeMethod.evaluate(InvokeMethod.java:17)
	at org.junit.runners.ParentRunner.runLeaf(ParentRunner.java:325)
	at org.junit.runners.BlockJUnit4ClassRunner.runChild(BlockJUnit4ClassRunner.java:78)
	at org.junit.runners.BlockJUnit4ClassRunner.runChild(BlockJUnit4ClassRunner.java:57)
	at org.junit.runners.ParentRunner$3.run(ParentRunner.java:290)
	at org.junit.runners.ParentRunner$1.schedule(ParentRunner.java:71)
	at org.junit.runners.ParentRunner.runChildren(ParentRunner.java:288)
	at org.junit.runners.ParentRunner.access$000(ParentRunner.java:58)
	at org.junit.runners.ParentRunner$2.evaluate(ParentRunner.java:268)
	at org.junit.runners.ParentRunner.run(ParentRunner.java:363)
	at org.apache.maven.surefire.junit4.JUnit4Provider.execute(JUnit4Provider.java:252)
	at org.apache.maven.surefire.junit4.JUnit4Provider.executeTestSet(JUnit4Provider.java:141)
	at org.apache.maven.surefire.junit4.JUnit4Provider.invoke(JUnit4Provider.java:112)
	at sun.reflect.NativeMethodAccessorImpl.invoke0(Native Method)
	at sun.reflect.NativeMethodAccessorImpl.invoke(NativeMethodAccessorImpl.java:62)
	at sun.reflect.DelegatingMethodAccessorImpl.invoke(DelegatingMethodAccessorImpl.java:43)
	at java.lang.reflect.Method.invoke(Method.java:498)
	at org.apache.maven.surefire.util.ReflectionUtils.invokeMethodWithArray(ReflectionUtils.java:189)
	at org.apache.maven.surefire.booter.ProviderFactory$ProviderProxy.invoke(ProviderFactory.java:165)
	at org.apache.maven.surefire.booter.ProviderFactory.invokeProvider(ProviderFactory.java:85)
	at org.apache.maven.surefire.booter.ForkedBooter.runSuitesInProcess(ForkedBooter.java:115)
	at org.apache.maven.surefire.booter.ForkedBooter.main(ForkedBooter.java:75)
</error>
  </testcase>
</testsuite>